c:\users\zzgam\downloads\tlee\artifacts\clipper.engine.pdb
c:\users\zzgam\downloads\tlee\artifacts\clipper.engine.obj
c:\users\zzgam\downloads\tlee\artifacts\clipper.offset.pdb
c:\users\zzgam\downloads\tlee\artifacts\clipper.offset.obj
c:\users\zzgam\downloads\tlee\artifacts\clipper.rectclip.pdb
c:\users\zzgam\downloads\tlee\artifacts\clipper.rectclip.obj
c:\users\zzgam\downloads\tlee\artifacts\imgui.pdb
c:\users\zzgam\downloads\tlee\artifacts\imgui.obj
c:\users\zzgam\downloads\tlee\artifacts\imgui_demo.pdb
c:\users\zzgam\downloads\tlee\artifacts\imgui_demo.obj
c:\users\zzgam\downloads\tlee\artifacts\imgui_draw.pdb
c:\users\zzgam\downloads\tlee\artifacts\imgui_draw.obj
c:\users\zzgam\downloads\tlee\artifacts\imgui_impl_dx11.pdb
c:\users\zzgam\downloads\tlee\artifacts\imgui_impl_dx11.obj
c:\users\zzgam\downloads\tlee\artifacts\imgui_impl_win32.pdb
c:\users\zzgam\downloads\tlee\artifacts\imgui_impl_win32.obj
c:\users\zzgam\downloads\tlee\artifacts\imgui_tables.pdb
c:\users\zzgam\downloads\tlee\artifacts\imgui_tables.obj
c:\users\zzgam\downloads\tlee\artifacts\imgui_widgets.pdb
c:\users\zzgam\downloads\tlee\artifacts\imgui_widgets.obj
c:\users\zzgam\downloads\tlee\artifacts\cache.pdb
c:\users\zzgam\downloads\tlee\artifacts\cache.obj
c:\users\zzgam\downloads\tlee\artifacts\typing_check.pdb
c:\users\zzgam\downloads\tlee\artifacts\typing_check.obj
c:\users\zzgam\downloads\tlee\artifacts\config.pdb
c:\users\zzgam\downloads\tlee\artifacts\config.obj
c:\users\zzgam\downloads\tlee\artifacts\aimbot.pdb
c:\users\zzgam\downloads\tlee\artifacts\aimbot.obj
c:\users\zzgam\downloads\tlee\artifacts\esp.pdb
c:\users\zzgam\downloads\tlee\artifacts\esp.obj
c:\users\zzgam\downloads\tlee\artifacts\fly.pdb
c:\users\zzgam\downloads\tlee\artifacts\fly.obj
c:\users\zzgam\downloads\tlee\artifacts\freezeplayer.pdb
c:\users\zzgam\downloads\tlee\artifacts\freezeplayer.obj
c:\users\zzgam\downloads\tlee\artifacts\hitbox_expander.pdb
c:\users\zzgam\downloads\tlee\artifacts\hitbox_expander.obj
c:\users\zzgam\downloads\tlee\artifacts\walkspeed.pdb
c:\users\zzgam\downloads\tlee\artifacts\walkspeed.obj
c:\users\zzgam\downloads\tlee\artifacts\dex_explorer.pdb
c:\users\zzgam\downloads\tlee\artifacts\dex_explorer.obj
c:\users\zzgam\downloads\tlee\artifacts\silent.pdb
c:\users\zzgam\downloads\tlee\artifacts\silent.obj
c:\users\zzgam\downloads\tlee\artifacts\kill_crash_handler.pdb
c:\users\zzgam\downloads\tlee\artifacts\kill_crash_handler.obj
c:\users\zzgam\downloads\tlee\artifacts\antidebug.pdb
c:\users\zzgam\downloads\tlee\artifacts\antidebug.obj
c:\users\zzgam\downloads\tlee\artifacts\rescan.pdb
c:\users\zzgam\downloads\tlee\artifacts\rescan.obj
c:\users\zzgam\downloads\tlee\artifacts\teleport.pdb
c:\users\zzgam\downloads\tlee\artifacts\teleport.obj
c:\users\zzgam\downloads\tlee\artifacts\main.pdb
c:\users\zzgam\downloads\tlee\artifacts\main.obj
c:\users\zzgam\downloads\tlee\artifacts\memory.pdb
c:\users\zzgam\downloads\tlee\artifacts\memory.obj
c:\users\zzgam\downloads\tlee\artifacts\notifications.pdb
c:\users\zzgam\downloads\tlee\artifacts\notifications.obj
c:\users\zzgam\downloads\tlee\artifacts\render.pdb
c:\users\zzgam\downloads\tlee\artifacts\render.obj
c:\users\zzgam\downloads\tlee\artifacts\sdk.pdb
c:\users\zzgam\downloads\tlee\artifacts\sdk.obj
c:\users\zzgam\downloads\tlee\build\rose.exe
c:\users\zzgam\downloads\tlee\build\rose.pdb
c:\users\zzgam\downloads\tlee\artifacts\luck.obj
c:\users\zzgam\downloads\tlee\artifacts\rose.ilk
c:\users\zzgam\downloads\tlee\artifacts\rose.vcxproj.filelistabsolute.txt
c:\users\zzgam\downloads\tlee\artifacts\rose.tlog\cl.command.1.tlog
c:\users\zzgam\downloads\tlee\artifacts\rose.tlog\cl.items.tlog
c:\users\zzgam\downloads\tlee\artifacts\rose.tlog\cl.read.1.tlog
c:\users\zzgam\downloads\tlee\artifacts\rose.tlog\cl.write.1.tlog
c:\users\zzgam\downloads\tlee\artifacts\rose.tlog\link.command.1.tlog
c:\users\zzgam\downloads\tlee\artifacts\rose.tlog\link.read.1.tlog
c:\users\zzgam\downloads\tlee\artifacts\rose.tlog\link.secondary.1.tlog
c:\users\zzgam\downloads\tlee\artifacts\rose.tlog\link.write.1.tlog
c:\users\zzgam\downloads\tlee\artifacts\rose.tlog\masm.read.1u.tlog
c:\users\zzgam\downloads\tlee\artifacts\rose.tlog\masm.write.1u.tlog
